<?xml version="1.0" encoding="UTF-8"?>
<!-- Generated by org.testng.reporters.JUnitReportReporter -->
<testsuite hostname="Ajayas-iMac.modem" failures="0" tests="1" name="com.macdesktop.testcases.GoogleTest" time="28.479" errors="0" timestamp="2021-02-07T14:23:14 AEDT" skipped="0">
  <testcase classname="com.macdesktop.testcases.GoogleTest" name="googleTest" time="28.479"/>
  <system-out/>
</testsuite> <!-- com.macdesktop.testcases.GoogleTest -->
